<?xml version="1.0" encoding="UTF-8"?>
<!-- Generated by org.testng.reporters.JUnitXMLReporter -->
<testsuite ignored="0" hostname="HP" failures="0" tests="5" name="Test" time="0.056" errors="0" timestamp="2024-03-15T12:58:18 IST">
  <testcase classname="APack.One" name="testOne" time="0.003"/>
  <testcase classname="APack.Two" name="testTwo" time="0.001"/>
  <testcase classname="APack.Three" name="testThree" time="0.001"/>
  <testcase classname="BPack.Four" name="testFour" time="0.002"/>
  <testcase classname="BPack.Five" name="testFive" time="0.002"/>
</testsuite> <!-- Test -->
