<?xml version="1.0" encoding="UTF-8"?>
<!-- Generated by org.testng.reporters.JUnitXMLReporter -->
<testsuite ignored="0" hostname="HP" failures="1" tests="4" name="TestTwo_End-to-End" time="8.202" errors="0" timestamp="2024-03-15T16:30:46 IST">
  <testcase classname="CPack.Six" name="testSix" time="0.002"/>
  <testcase classname="CPack.Seven" name="testSeven" time="0.001"/>
  <testcase classname="CPack.Eight" name="testEight" time="0.001"/>
  <testcase classname="TutorialNinja.EndToEndCode" name="TestOne" time="8.185">
    <failure type="java.lang.AssertionError" message="expected [Your Account Has Been Created!] but found [Register Account]">
      <![CDATA[java.lang.AssertionError: expected [Your Account Has Been Created!] but found [Register Account]
at TutorialNinja.EndToEndCode.TestOne(EndToEndCode.java:49)
at java.base/java.util.ArrayList.forEach(ArrayList.java:1511)
... Removed 33 stack frames]]>
    </failure>
  </testcase> <!-- TestOne -->
</testsuite> <!-- TestTwo_End-to-End -->
