<?xml version="1.0" encoding="UTF-8"?>
<testng-results ignored="0" total="7" passed="7" failed="0" skipped="0">
  <reporter-output>
  </reporter-output>
  <suite started-at="2024-03-15T12:58:18 IST" name="Suite" finished-at="2024-03-15T12:58:19 IST" duration-ms="135">
    <groups>
    </groups>
    <test started-at="2024-03-15T12:58:18 IST" name="Test" finished-at="2024-03-15T12:58:18 IST" duration-ms="56">
      <class name="BPack.Four">
        <test-method signature="testFour()[pri:0, instance:BPack.Four@6989da5e]" started-at="2024-03-15T12:58:18 IST" name="testFour" finished-at="2024-03-15T12:58:18 IST" duration-ms="2" status="PASS">
          <reporter-output>
          </reporter-output>
        </test-method> <!-- testFour -->
      </class> <!-- BPack.Four -->
      <class name="APack.One">
        <test-method is-config="true" signature="BeforeTestDemoClass()[pri:0, instance:APack.One@815b41f]" started-at="2024-03-15T12:58:18 IST" name="BeforeTestDemoClass" finished-at="2024-03-15T12:58:18 IST" duration-ms="8" status="PASS">
          <reporter-output>
          </reporter-output>
        </test-method> <!-- BeforeTestDemoClass -->
        <test-method signature="testOne()[pri:0, instance:APack.One@815b41f]" started-at="2024-03-15T12:58:18 IST" name="testOne" finished-at="2024-03-15T12:58:18 IST" duration-ms="3" status="PASS">
          <reporter-output>
          </reporter-output>
        </test-method> <!-- testOne -->
      </class> <!-- APack.One -->
      <class name="BPack.Five">
        <test-method signature="testFive()[pri:0, instance:BPack.Five@385c9627]" started-at="2024-03-15T12:58:18 IST" name="testFive" finished-at="2024-03-15T12:58:18 IST" duration-ms="2" status="PASS">
          <reporter-output>
          </reporter-output>
        </test-method> <!-- testFive -->
      </class> <!-- BPack.Five -->
      <class name="APack.Three">
        <test-method signature="testThree()[pri:0, instance:APack.Three@5aa9e4eb]" started-at="2024-03-15T12:58:18 IST" name="testThree" finished-at="2024-03-15T12:58:18 IST" duration-ms="1" status="PASS">
          <reporter-output>
          </reporter-output>
        </test-method> <!-- testThree -->
      </class> <!-- APack.Three -->
      <class name="APack.Two">
        <test-method signature="testTwo()[pri:0, instance:APack.Two@3fc2959f]" started-at="2024-03-15T12:58:18 IST" name="testTwo" finished-at="2024-03-15T12:58:18 IST" duration-ms="1" status="PASS">
          <reporter-output>
          </reporter-output>
        </test-method> <!-- testTwo -->
        <test-method is-config="true" signature="AfterTestDemoClass1()[pri:0, instance:APack.Two@3fc2959f]" started-at="2024-03-15T12:58:18 IST" name="AfterTestDemoClass1" finished-at="2024-03-15T12:58:18 IST" duration-ms="0" status="PASS">
          <reporter-output>
          </reporter-output>
        </test-method> <!-- AfterTestDemoClass1 -->
      </class> <!-- APack.Two -->
    </test> <!-- Test -->
    <test started-at="2024-03-15T12:58:19 IST" name="TestTwo_End-to-End" finished-at="2024-03-15T12:58:19 IST" duration-ms="10">
      <class name="CPack.Seven">
        <test-method is-config="true" signature="BeforeTestDemoClass2()[pri:0, instance:CPack.Seven@5e5d171f]" started-at="2024-03-15T12:58:19 IST" name="BeforeTestDemoClass2" finished-at="2024-03-15T12:58:19 IST" duration-ms="1" status="PASS">
          <reporter-output>
          </reporter-output>
        </test-method> <!-- BeforeTestDemoClass2 -->
        <test-method signature="testSeven()[pri:0, instance:CPack.Seven@5e5d171f]" started-at="2024-03-15T12:58:19 IST" name="testSeven" finished-at="2024-03-15T12:58:19 IST" duration-ms="1" status="PASS">
          <reporter-output>
          </reporter-output>
        </test-method> <!-- testSeven -->
      </class> <!-- CPack.Seven -->
      <class name="CPack.Six">
        <test-method signature="testSix()[pri:0, instance:CPack.Six@7770f470]" started-at="2024-03-15T12:58:19 IST" name="testSix" finished-at="2024-03-15T12:58:19 IST" duration-ms="2" status="PASS">
          <reporter-output>
          </reporter-output>
        </test-method> <!-- testSix -->
        <test-method is-config="true" signature="AfterTestDemoClass2()[pri:0, instance:CPack.Six@7770f470]" started-at="2024-03-15T12:58:19 IST" name="AfterTestDemoClass2" finished-at="2024-03-15T12:58:19 IST" duration-ms="1" status="PASS">
          <reporter-output>
          </reporter-output>
        </test-method> <!-- AfterTestDemoClass2 -->
      </class> <!-- CPack.Six -->
    </test> <!-- TestTwo_End-to-End -->
  </suite> <!-- Suite -->
</testng-results>
